[ 2016-09-26T00:22:35+08:00 ] ::1 /ccflavor/index.php/Home/video/player
ERR: 错误的查询条件:[episode_num=>2]

[ 2016-09-26T00:23:49+08:00 ] ::1 /ccflavor/index.php/Home/video/js/jquery-1.9.1.min.js
ERR: 非法操作:js

[ 2016-09-26T00:27:56+08:00 ] ::1 /ccflavor/index.php/Home/video/player.htmlArray
ERR: 非法操作:player.htmlArray

[ 2016-09-26T00:41:14+08:00 ] ::1 /ccflavor/index.php/Home/video/index/vid/1.html
ERR: Think\Controller:_param方法不存在！

[ 2016-09-26T00:46:59+08:00 ] ::1 /ccflavor/index.php/Home/video/player.htmlArray
ERR: 非法操作:player.htmlArray

[ 2016-09-26T00:47:34+08:00 ] ::1 /ccflavor/index.php/Home/video/player.htmlArray
ERR: 非法操作:player.htmlArray

[ 2016-09-26T00:47:46+08:00 ] ::1 /ccflavor/index.php/Home/video/player.htmlArray
ERR: 非法操作:player.htmlArray

[ 2016-09-26T00:48:13+08:00 ] ::1 /ccflavor/index.php/Home/video/player.htmlArray
ERR: 非法操作:player.htmlArray

[ 2016-09-26T00:48:31+08:00 ] ::1 /ccflavor/index.php/Home/video/player.htmlArray
ERR: 非法操作:player.htmlArray

[ 2016-09-26T00:48:50+08:00 ] ::1 /ccflavor/index.php/Home/video/player.htmlArray
ERR: 非法操作:player.htmlArray

[ 2016-09-26T08:18:15+08:00 ] ::1 /ccflavor/index.php/Home/video/player.htmlArray
ERR: 非法操作:player.htmlArray

[ 2016-09-26T08:19:02+08:00 ] ::1 /ccflavor/index.php/Home/video/player.htmlArray
ERR: 非法操作:player.htmlArray

[ 2016-09-26T08:20:31+08:00 ] ::1 /ccflavor/index.php/Home/video/vid/1
ERR: 非法操作:vid

[ 2016-09-26T08:20:54+08:00 ] ::1 /ccflavor/index.php/Home/video/player.htmlArray
ERR: 非法操作:player.htmlArray

[ 2016-09-26T08:21:15+08:00 ] ::1 /ccflavor/index.php/Home/video/player.htmlArray
ERR: 非法操作:player.htmlArray

[ 2016-09-26T08:38:38+08:00 ] ::1 /ccflavor/index.php/Home/video/player.htmlArray
ERR: 非法操作:player.htmlArray

[ 2016-09-26T08:38:39+08:00 ] ::1 /ccflavor/index.php/Home/video/player.htmlArray
ERR: 非法操作:player.htmlArray

[ 2016-09-26T08:39:56+08:00 ] ::1 /ccflavor/index.php/Home/video/player.htmlArray
ERR: 非法操作:player.htmlArray

[ 2016-09-26T08:40:18+08:00 ] ::1 /ccflavor/index.php/Home/video/player.htmlArray
ERR: 非法操作:player.htmlArray

[ 2016-09-26T08:40:49+08:00 ] ::1 /ccflavor/index.php/Home/video/player.htmlArray
ERR: 非法操作:player.htmlArray

[ 2016-09-26T08:41:38+08:00 ] ::1 /ccflavor/index.php/Home/video/player.htmlArray
ERR: 非法操作:player.htmlArray

[ 2016-09-26T08:42:21+08:00 ] ::1 /ccflavor/index.php/Home/video/player.htmlArray
ERR: 非法操作:player.htmlArray

[ 2016-09-26T08:44:16+08:00 ] ::1 /ccflavor/index.php/Home/video/player.htmlArray
ERR: 非法操作:player.htmlArray

[ 2016-09-26T08:45:36+08:00 ] ::1 /ccflavor/index.php/Home/video/player.htmlArray
ERR: 非法操作:player.htmlArray

[ 2016-09-26T08:46:59+08:00 ] ::1 /ccflavor/index.php/Home/video/player.htmlArray
ERR: 非法操作:player.htmlArray

[ 2016-09-26T08:49:10+08:00 ] ::1 /ccflavor/index.php/Home/video/player.htmlArray
ERR: 非法操作:player.htmlArray

[ 2016-09-26T08:50:10+08:00 ] ::1 /ccflavor/index.php/Home/video/player.htmlArray
ERR: 非法操作:player.htmlArray

[ 2016-09-26T08:50:43+08:00 ] ::1 /ccflavor/index.php/Home/video/player.htmlArray
ERR: 非法操作:player.htmlArray

[ 2016-09-26T08:51:41+08:00 ] ::1 /ccflavor/index.php/Home/video/player.htmlArray
ERR: 非法操作:player.htmlArray

[ 2016-09-26T09:05:31+08:00 ] ::1 /ccflavor/index.php/Home/video/player.htmlArray
ERR: 非法操作:player.htmlArray

[ 2016-09-26T10:24:31+08:00 ] ::1 /ccflavor/index.php/Home/video/index/vid/1.html
ERR: 错误的查询条件:[name=>videosrc]

[ 2016-09-26T11:02:54+08:00 ] ::1 /ccflavor/index.php/Home/Video/index/vid/1/p/4.html
ERR: Think\Model:relation方法不存在！

[ 2016-09-26T12:24:42+08:00 ] ::1 /ccflavor/index.php/Home/Video/index/vid/1/p/2.html
ERR: XML标签语法错误 : start="0" end={$count}

[ 2016-09-26T12:25:06+08:00 ] ::1 /ccflavor/index.php/Home/Video/index/vid/1/p/2.html
ERR: XML标签语法错误 : start="0" end={$count}

[ 2016-09-26T14:54:45+08:00 ] ::1 /ccflavor/index.php/index/register.html
ERR: 非法操作:register

[ 2016-09-26T15:03:40+08:00 ] ::1 /ccflavor/index.php/video/player.htmlArray
ERR: 非法操作:player.htmlArray

[ 2016-09-26T15:05:08+08:00 ] ::1 /ccflavor/index.php/video/player.htmlArray
ERR: 非法操作:player.htmlArray

[ 2016-09-26T15:11:24+08:00 ] ::1 /ccflavor/index.php/video/player.htmlArray
ERR: 非法操作:player.htmlArray

[ 2016-09-26T15:20:41+08:00 ] ::1 /ccflavor/index.php/video/i
ERR: 非法操作:i

[ 2016-09-26T16:40:06+08:00 ] ::1 /ccflavor/Public/css/bootstrap.min.css.map
ERR: 无法加载控制器:Public

[ 2016-09-26T16:50:43+08:00 ] ::1 /ccflavor/Public/css/bootstrap.min.css.map
ERR: 无法加载控制器:Public

[ 2016-09-26T16:50:54+08:00 ] ::1 /ccflavor/Public/css/bootstrap.min.css.map
ERR: 无法加载控制器:Public

[ 2016-09-26T16:51:07+08:00 ] ::1 /ccflavor/Public/css/bootstrap.min.css.map
ERR: 无法加载控制器:Public

[ 2016-09-26T17:29:55+08:00 ] ::1 /ccflavor/Public/css/bootstrap.min.css.map
ERR: 无法加载控制器:Public

[ 2016-09-26T17:30:19+08:00 ] ::1 /ccflavor/Public/css/bootstrap.min.css.map
ERR: 无法加载控制器:Public

[ 2016-09-26T17:33:32+08:00 ] ::1 /ccflavor/Public/css/bootstrap.min.css.map
ERR: 无法加载控制器:Public

[ 2016-09-26T17:34:08+08:00 ] ::1 /ccflavor/Public/css/bootstrap.min.css.map
ERR: 无法加载控制器:Public

[ 2016-09-26T17:41:25+08:00 ] ::1 /ccflavor/Public/css/bootstrap.min.css.map
ERR: 无法加载控制器:Public

[ 2016-09-26T17:44:49+08:00 ] ::1 /ccflavor/Public/css/bootstrap.min.css.map
ERR: 无法加载控制器:Public

[ 2016-09-26T17:47:53+08:00 ] ::1 /ccflavor/Public/css/bootstrap.min.css.map
ERR: 无法加载控制器:Public

[ 2016-09-26T17:48:02+08:00 ] ::1 /ccflavor/Public/css/bootstrap.min.css.map
ERR: 无法加载控制器:Public

[ 2016-09-26T17:48:10+08:00 ] ::1 /ccflavor/Public/css/bootstrap.min.css.map
ERR: 无法加载控制器:Public

[ 2016-09-26T17:50:52+08:00 ] ::1 /ccflavor/Public/css/bootstrap.min.css.map
ERR: 无法加载控制器:Public

[ 2016-09-26T17:55:46+08:00 ] ::1 /ccflavor/Public/css/bootstrap.min.css.map
ERR: 无法加载控制器:Public

[ 2016-09-26T18:11:45+08:00 ] ::1 /ccflavor/Public/css/bootstrap.min.css.map
ERR: 无法加载控制器:Public

[ 2016-09-26T18:25:32+08:00 ] ::1 /ccflavor/Public/css/bootstrap.min.css.map
ERR: 无法加载控制器:Public

[ 2016-09-26T18:26:18+08:00 ] ::1 /ccflavor/Public/css/bootstrap.min.css.map
ERR: 无法加载控制器:Public

[ 2016-09-26T18:26:52+08:00 ] ::1 /ccflavor/Public/css/bootstrap.min.css.map
ERR: 无法加载控制器:Public

[ 2016-09-26T18:46:26+08:00 ] ::1 /ccflavor/Public/css/bootstrap.min.css.map
ERR: 无法加载控制器:Public

[ 2016-09-26T18:46:48+08:00 ] ::1 /ccflavor/Public/css/bootstrap.min.css.map
ERR: 无法加载控制器:Public

[ 2016-09-26T18:47:10+08:00 ] ::1 /ccflavor/Public/css/bootstrap.min.css.map
ERR: 无法加载控制器:Public

[ 2016-09-26T18:48:28+08:00 ] ::1 /ccflavor/Public/css/bootstrap.min.css.map
ERR: 无法加载控制器:Public

[ 2016-09-26T18:49:53+08:00 ] ::1 /ccflavor/Public/css/bootstrap.min.css.map
ERR: 无法加载控制器:Public

[ 2016-09-26T18:50:44+08:00 ] ::1 /ccflavor/Public/css/bootstrap.min.css.map
ERR: 无法加载控制器:Public

[ 2016-09-26T18:51:57+08:00 ] ::1 /ccflavor/Public/css/bootstrap.min.css.map
ERR: 无法加载控制器:Public

[ 2016-09-26T18:54:55+08:00 ] ::1 /ccflavor/Public/css/bootstrap.min.css.map
ERR: 无法加载控制器:Public

[ 2016-09-26T18:59:44+08:00 ] ::1 /ccflavor/Public/css/bootstrap.min.css.map
ERR: 无法加载控制器:Public

[ 2016-09-26T18:59:47+08:00 ] ::1 /ccflavor/Public/css/bootstrap.min.css.map
ERR: 无法加载控制器:Public

[ 2016-09-26T19:00:41+08:00 ] ::1 /ccflavor/Public/css/bootstrap.min.css.map
ERR: 无法加载控制器:Public

[ 2016-09-26T19:01:24+08:00 ] ::1 /ccflavor/Public/css/bootstrap.min.css.map
ERR: 无法加载控制器:Public

[ 2016-09-26T19:01:34+08:00 ] ::1 /ccflavor/Public/css/bootstrap.min.css.map
ERR: 无法加载控制器:Public

[ 2016-09-26T19:03:46+08:00 ] ::1 /ccflavor/Public/css/bootstrap.min.css.map
ERR: 无法加载控制器:Public

[ 2016-09-26T19:04:54+08:00 ] ::1 /ccflavor/Public/css/bootstrap.min.css.map
ERR: 无法加载控制器:Public

[ 2016-09-26T19:05:46+08:00 ] ::1 /ccflavor/Public/css/bootstrap.min.css.map
ERR: 无法加载控制器:Public

[ 2016-09-26T19:08:19+08:00 ] ::1 /ccflavor/Public/css/bootstrap.min.css.map
ERR: 无法加载控制器:Public

[ 2016-09-26T19:08:49+08:00 ] ::1 /ccflavor/Public/css/bootstrap.min.css.map
ERR: 无法加载控制器:Public

[ 2016-09-26T19:10:25+08:00 ] ::1 /ccflavor/Public/css/bootstrap.min.css.map
ERR: 无法加载控制器:Public

[ 2016-09-26T19:11:40+08:00 ] ::1 /ccflavor/Public/css/bootstrap.min.css.map
ERR: 无法加载控制器:Public

[ 2016-09-26T19:12:16+08:00 ] ::1 /ccflavor/Public/css/bootstrap.min.css.map
ERR: 无法加载控制器:Public

[ 2016-09-26T19:13:22+08:00 ] ::1 /ccflavor/Public/css/bootstrap.min.css.map
ERR: 无法加载控制器:Public

[ 2016-09-26T19:13:45+08:00 ] ::1 /ccflavor/Public/css/bootstrap.min.css.map
ERR: 无法加载控制器:Public

[ 2016-09-26T19:13:55+08:00 ] ::1 /ccflavor/Public/css/bootstrap.min.css.map
ERR: 无法加载控制器:Public

[ 2016-09-26T19:15:21+08:00 ] ::1 /ccflavor/Public/css/bootstrap.min.css.map
ERR: 无法加载控制器:Public

[ 2016-09-26T19:16:43+08:00 ] ::1 /ccflavor/Public/css/bootstrap.min.css.map
ERR: 无法加载控制器:Public

[ 2016-09-26T19:19:26+08:00 ] ::1 /ccflavor/Public/css/bootstrap.min.css.map
ERR: 无法加载控制器:Public

[ 2016-09-26T19:20:29+08:00 ] ::1 /ccflavor/Public/css/bootstrap.min.css.map
ERR: 无法加载控制器:Public

[ 2016-09-26T19:21:23+08:00 ] ::1 /ccflavor/Public/css/bootstrap.min.css.map
ERR: 无法加载控制器:Public

[ 2016-09-26T19:21:54+08:00 ] ::1 /ccflavor/Public/css/bootstrap.min.css.map
ERR: 无法加载控制器:Public

[ 2016-09-26T20:12:25+08:00 ] ::1 /ccflavor/index.php/index/video/v02.html
ERR: 非法操作:video

[ 2016-09-26T20:21:26+08:00 ] ::1 /ccflavor/Public/Array
ERR: 无法加载控制器:Public

[ 2016-09-26T20:22:30+08:00 ] ::1 /ccflavor/Public/Array
ERR: 无法加载控制器:Public

[ 2016-09-26T20:24:13+08:00 ] ::1 /ccflavor/Public/Array
ERR: 无法加载控制器:Public

[ 2016-09-26T20:25:18+08:00 ] ::1 /ccflavor/Public/Array
ERR: 无法加载控制器:Public

[ 2016-09-26T20:25:43+08:00 ] ::1 /ccflavor/Public/Array
ERR: 无法加载控制器:Public

[ 2016-09-26T20:26:34+08:00 ] ::1 /ccflavor/Public/Array
ERR: 无法加载控制器:Public

[ 2016-09-26T20:27:08+08:00 ] ::1 /ccflavor/Public/Array
ERR: 无法加载控制器:Public

[ 2016-09-26T20:27:26+08:00 ] ::1 /ccflavor/Public/Array
ERR: 无法加载控制器:Public

[ 2016-09-26T20:27:51+08:00 ] ::1 /ccflavor/Public/Array
ERR: 无法加载控制器:Public

[ 2016-09-26T20:28:26+08:00 ] ::1 /ccflavor/Public/Array
ERR: 无法加载控制器:Public

[ 2016-09-26T20:28:44+08:00 ] ::1 /ccflavor/Public/Array
ERR: 无法加载控制器:Public

[ 2016-09-26T20:28:51+08:00 ] ::1 /ccflavor/Public/Array
ERR: 无法加载控制器:Public

[ 2016-09-26T20:33:43+08:00 ] ::1 /ccflavor/Public/css/bootstrap.min.css.map
ERR: 无法加载控制器:Public

[ 2016-09-26T20:40:23+08:00 ] ::1 /ccflavor/Public/css/bootstrap.min.css.map
ERR: 无法加载控制器:Public

[ 2016-09-26T20:43:15+08:00 ] ::1 /ccflavor/Public/css/bootstrap.min.css.map
ERR: 无法加载控制器:Public

[ 2016-09-26T20:45:01+08:00 ] ::1 /ccflavor/Public/css/bootstrap.min.css.map
ERR: 无法加载控制器:Public

[ 2016-09-26T20:49:28+08:00 ] ::1 /ccflavor/Public/css/bootstrap.min.css.map
ERR: 无法加载控制器:Public

[ 2016-09-26T20:50:28+08:00 ] ::1 /ccflavor/Public/css/bootstrap.min.css.map
ERR: 无法加载控制器:Public

[ 2016-09-26T20:50:41+08:00 ] ::1 /ccflavor/Public/css/bootstrap.min.css.map
ERR: 无法加载控制器:Public

[ 2016-09-26T20:50:57+08:00 ] ::1 /ccflavor/Public/css/bootstrap.min.css.map
ERR: 无法加载控制器:Public

[ 2016-09-26T20:51:02+08:00 ] ::1 /ccflavor/Public/css/bootstrap.min.css.map
ERR: 无法加载控制器:Public

[ 2016-09-26T20:51:04+08:00 ] ::1 /ccflavor/Public/css/bootstrap.min.css.map
ERR: 无法加载控制器:Public

[ 2016-09-26T20:51:34+08:00 ] ::1 /ccflavor/Public/css/bootstrap.min.css.map
ERR: 无法加载控制器:Public

[ 2016-09-26T20:51:58+08:00 ] ::1 /ccflavor/Public/css/bootstrap.min.css.map
ERR: 无法加载控制器:Public

[ 2016-09-26T20:52:22+08:00 ] ::1 /ccflavor/Public/css/bootstrap.min.css.map
ERR: 无法加载控制器:Public

[ 2016-09-26T20:52:26+08:00 ] ::1 /ccflavor/Public/css/bootstrap.min.css.map
ERR: 无法加载控制器:Public

[ 2016-09-26T20:52:27+08:00 ] ::1 /ccflavor/Public/css/bootstrap.min.css.map
ERR: 无法加载控制器:Public

[ 2016-09-26T21:02:39+08:00 ] ::1 /ccflavor/Public/css/bootstrap.min.css.map
ERR: 无法加载控制器:Public

[ 2016-09-26T21:08:34+08:00 ] ::1 /ccflavor/Public/css/bootstrap.min.css.map
ERR: 无法加载控制器:Public

[ 2016-09-26T21:08:36+08:00 ] ::1 /ccflavor/Public/css/bootstrap.min.css.map
ERR: 无法加载控制器:Public

[ 2016-09-26T21:09:43+08:00 ] ::1 /ccflavor/Public/css/bootstrap.min.css.map
ERR: 无法加载控制器:Public

[ 2016-09-26T21:09:50+08:00 ] ::1 /ccflavor/Public/css/bootstrap.min.css.map
ERR: 无法加载控制器:Public

[ 2016-09-26T21:09:52+08:00 ] ::1 /ccflavor/Public/css/bootstrap.min.css.map
ERR: 无法加载控制器:Public

[ 2016-09-26T21:15:40+08:00 ] ::1 /ccflavor/Public/css/bootstrap.min.css.map
ERR: 无法加载控制器:Public

[ 2016-09-26T21:16:06+08:00 ] ::1 /ccflavor/Public/css/bootstrap.min.css.map
ERR: 无法加载控制器:Public

[ 2016-09-26T21:16:12+08:00 ] ::1 /ccflavor/Public/css/bootstrap.min.css.map
ERR: 无法加载控制器:Public

[ 2016-09-26T21:16:13+08:00 ] ::1 /ccflavor/Public/css/bootstrap.min.css.map
ERR: 无法加载控制器:Public

[ 2016-09-26T21:17:28+08:00 ] ::1 /ccflavor/Public/css/bootstrap.min.css.map
ERR: 无法加载控制器:Public

[ 2016-09-26T21:17:55+08:00 ] ::1 /ccflavor/Public/css/bootstrap.min.css.map
ERR: 无法加载控制器:Public

[ 2016-09-26T21:19:04+08:00 ] ::1 /ccflavor/Public/css/bootstrap.min.css.map
ERR: 无法加载控制器:Public

[ 2016-09-26T21:19:10+08:00 ] ::1 /ccflavor/Public/css/bootstrap.min.css.map
ERR: 无法加载控制器:Public

[ 2016-09-26T21:19:11+08:00 ] ::1 /ccflavor/Public/css/bootstrap.min.css.map
ERR: 无法加载控制器:Public

[ 2016-09-26T21:19:19+08:00 ] ::1 /ccflavor/Public/css/bootstrap.min.css.map
ERR: 无法加载控制器:Public

[ 2016-09-26T21:19:20+08:00 ] ::1 /ccflavor/Public/css/bootstrap.min.css.map
ERR: 无法加载控制器:Public

[ 2016-09-26T21:19:56+08:00 ] ::1 /ccflavor/Public/css/bootstrap.min.css.map
ERR: 无法加载控制器:Public

[ 2016-09-26T21:19:57+08:00 ] ::1 /ccflavor/Public/css/bootstrap.min.css.map
ERR: 无法加载控制器:Public

[ 2016-09-26T21:19:59+08:00 ] ::1 /ccflavor/Public/css/bootstrap.min.css.map
ERR: 无法加载控制器:Public

[ 2016-09-26T21:20:01+08:00 ] ::1 /ccflavor/Public/css/bootstrap.min.css.map
ERR: 无法加载控制器:Public

[ 2016-09-26T21:20:04+08:00 ] ::1 /ccflavor/Public/css/bootstrap.min.css.map
ERR: 无法加载控制器:Public

[ 2016-09-26T21:20:05+08:00 ] ::1 /ccflavor/Public/css/bootstrap.min.css.map
ERR: 无法加载控制器:Public

[ 2016-09-26T21:20:07+08:00 ] ::1 /ccflavor/Public/css/bootstrap.min.css.map
ERR: 无法加载控制器:Public

[ 2016-09-26T21:20:18+08:00 ] ::1 /ccflavor/Public/css/bootstrap.min.css.map
ERR: 无法加载控制器:Public

[ 2016-09-26T21:20:25+08:00 ] ::1 /ccflavor/Public/css/bootstrap.min.css.map
ERR: 无法加载控制器:Public

[ 2016-09-26T21:23:23+08:00 ] ::1 /ccflavor/Public/css/bootstrap.min.css.map
ERR: 无法加载控制器:Public

[ 2016-09-26T21:23:25+08:00 ] ::1 /ccflavor/Public/css/bootstrap.min.css.map
ERR: 无法加载控制器:Public

[ 2016-09-26T22:34:23+08:00 ] ::1 /ccflavor/Public/css/bootstrap.min.css.map
ERR: 无法加载控制器:Public

[ 2016-09-26T22:34:41+08:00 ] ::1 /ccflavor/Public/css/bootstrap.min.css.map
ERR: 无法加载控制器:Public

[ 2016-09-26T22:34:48+08:00 ] ::1 /ccflavor/Public/css/bootstrap.min.css.map
ERR: 无法加载控制器:Public

[ 2016-09-26T22:55:21+08:00 ] ::1 /ccflavor/Public/css/bootstrap.min.css.map
ERR: 无法加载控制器:Public

[ 2016-09-26T22:55:25+08:00 ] ::1 /ccflavor/Public/css/bootstrap.min.css.map
ERR: 无法加载控制器:Public

[ 2016-09-26T23:13:12+08:00 ] ::1 /ccflavor/Public/css/bootstrap.min.css.map
ERR: 无法加载控制器:Public

[ 2016-09-26T23:17:57+08:00 ] ::1 /ccflavor/Public/css/bootstrap.min.css.map
ERR: 无法加载控制器:Public

[ 2016-09-26T23:21:34+08:00 ] ::1 /ccflavor/Public/css/bootstrap.min.css.map
ERR: 无法加载控制器:Public

[ 2016-09-26T23:22:13+08:00 ] ::1 /ccflavor/Public/css/bootstrap.min.css.map
ERR: 无法加载控制器:Public

[ 2016-09-26T23:23:32+08:00 ] ::1 /ccflavor/Public/css/bootstrap.min.css.map
ERR: 无法加载控制器:Public

[ 2016-09-26T23:24:16+08:00 ] ::1 /ccflavor/Public/css/bootstrap.min.css.map
ERR: 无法加载控制器:Public

[ 2016-09-26T23:24:41+08:00 ] ::1 /ccflavor/Public/css/bootstrap.min.css.map
ERR: 无法加载控制器:Public

[ 2016-09-26T23:25:12+08:00 ] ::1 /ccflavor/Public/css/bootstrap.min.css.map
ERR: 无法加载控制器:Public

[ 2016-09-26T23:26:23+08:00 ] ::1 /ccflavor/Public/css/bootstrap.min.css.map
ERR: 无法加载控制器:Public

[ 2016-09-26T23:28:22+08:00 ] ::1 /ccflavor/Public/css/bootstrap.min.css.map
ERR: 无法加载控制器:Public

[ 2016-09-26T23:31:14+08:00 ] ::1 /ccflavor/Public/css/bootstrap.min.css.map
ERR: 无法加载控制器:Public

[ 2016-09-26T23:34:29+08:00 ] ::1 /ccflavor/Public/css/bootstrap.min.css.map
ERR: 无法加载控制器:Public

[ 2016-09-26T23:37:57+08:00 ] ::1 /ccflavor/Public/css/bootstrap.min.css.map
ERR: 无法加载控制器:Public

[ 2016-09-26T23:38:33+08:00 ] ::1 /ccflavor/Public/css/bootstrap.min.css.map
ERR: 无法加载控制器:Public

[ 2016-09-26T23:38:35+08:00 ] ::1 /ccflavor/Public/css/bootstrap.min.css.map
ERR: 无法加载控制器:Public

[ 2016-09-26T23:41:45+08:00 ] ::1 /ccflavor/Public/css/bootstrap.min.css.map
ERR: 无法加载控制器:Public

[ 2016-09-26T23:42:02+08:00 ] ::1 /ccflavor/Public/css/bootstrap.min.css.map
ERR: 无法加载控制器:Public

[ 2016-09-26T23:42:04+08:00 ] ::1 /ccflavor/Public/css/bootstrap.min.css.map
ERR: 无法加载控制器:Public

[ 2016-09-26T23:43:56+08:00 ] ::1 /ccflavor/Public/css/bootstrap.min.css.map
ERR: 无法加载控制器:Public

[ 2016-09-26T23:43:58+08:00 ] ::1 /ccflavor/Public/css/bootstrap.min.css.map
ERR: 无法加载控制器:Public

[ 2016-09-26T23:50:07+08:00 ] ::1 /ccflavor/Public/css/bootstrap.min.css.map
ERR: 无法加载控制器:Public

[ 2016-09-26T23:51:07+08:00 ] ::1 /ccflavor/Public/css/bootstrap.min.css.map
ERR: 无法加载控制器:Public

[ 2016-09-26T23:52:02+08:00 ] ::1 /ccflavor/Public/css/bootstrap.min.css.map
ERR: 无法加载控制器:Public

[ 2016-09-26T23:53:22+08:00 ] ::1 /ccflavor/Public/css/bootstrap.min.css.map
ERR: 无法加载控制器:Public

[ 2016-09-26T23:53:38+08:00 ] ::1 /ccflavor/Public/css/bootstrap.min.css.map
ERR: 无法加载控制器:Public

[ 2016-09-26T23:53:57+08:00 ] ::1 /ccflavor/Public/css/bootstrap.min.css.map
ERR: 无法加载控制器:Public

[ 2016-09-26T23:56:53+08:00 ] ::1 /ccflavor/Public/css/bootstrap.min.css.map
ERR: 无法加载控制器:Public

[ 2016-09-26T23:57:08+08:00 ] ::1 /ccflavor/Public/css/bootstrap.min.css.map
ERR: 无法加载控制器:Public

[ 2016-09-26T23:57:09+08:00 ] ::1 /ccflavor/Public/css/bootstrap.min.css.map
ERR: 无法加载控制器:Public

[ 2016-09-26T23:58:14+08:00 ] ::1 /ccflavor/Public/css/bootstrap.min.css.map
ERR: 无法加载控制器:Public

